{
  "RSpec": {
    "coverage": {
      "/home/wadror/wadror/ratebeer/spec/support/helpers/own_test_helper.rb": [
        1,
        null,
        1,
        0,
        0,
        0,
        0,
        null,
        null,
        null
      ],
      "/home/wadror/wadror/ratebeer/lib/beermapping_api.rb": [
        1,
        1,
        null,
        0,
        null,
        0,
        null,
        0,
        null,
        0,
        null,
        0,
        null,
        0,
        null,
        0,
        null,
        null,
        null,
        null,
        null,
        null,
        1,
        0,
        null,
        null,
        null
      ],
      "/home/wadror/wadror/ratebeer/app/controllers/places_controller.rb": [
        1,
        null,
        1,
        null,
        null,
        1,
        null,
        3,
        null,
        null,
        null,
        null,
        null,
        null,
        3,
        null,
        1,
        null,
        null,
        null,
        2,
        null,
        null,
        null,
        null,
        null
      ],
      "/home/wadror/wadror/ratebeer/app/controllers/application_controller.rb": [
        1,
        null,
        null,
        1,
        null,
        1,
        null,
        1,
        12,
        0,
        null,
        null,
        1,
        0,
        null,
        null,
        1,
        0,
        0,
        null,
        null,
        null,
        null,
        null
      ],
      "/home/wadror/wadror/ratebeer/app/models/place.rb": [
        1,
        null,
        1,
        null,
        1,
        null,
        null,
        1,
        null,
        6,
        null,
        null,
        null,
        null
      ]
    },
    "timestamp": 1392061278
  }
}
